<?xml version="1.0" encoding="UTF-8"?>
<!-- Generated by org.testng.reporters.JUnitReportReporter -->
<testsuite hostname="DESKTOP-SEFJLQC" failures="0" tests="1" name="com.inetbanking.testCases.TC_AddNewCustomer_003" time="5.062" errors="0" timestamp="17 Sep 2022 13:43:59 GMT" skipped="0">
  <testcase classname="com.inetbanking.testCases.TC_AddNewCustomer_003" name="addNewCustomer" time="5.062"/>
</testsuite> <!-- com.inetbanking.testCases.TC_AddNewCustomer_003 -->
